<?xml version="1.0" encoding="UTF-8"?>
<testsuite name="aut.isp.lab4.exercise1.AquariumControllerTest" time="0.016" tests="1" errors="0" skipped="0" failures="0">
  <properties>
    <property name="java.runtime.name" value="OpenJDK Runtime Environment"/>
    <property name="java.vm.version" value="21.0.2+13-LTS"/>
    <property name="sun.boot.library.path" value="C:\Program Files\Eclipse Adoptium\jdk-21.0.2.13-hotspot\bin"/>
    <property name="maven.multiModuleProjectDirectory" value="C:\Users\M1841\Development\Java\Software Engineering\se-eng-2024-M1841\isp-lab-4-2023-master"/>
    <property name="java.vm.vendor" value="Eclipse Adoptium"/>
    <property name="java.vendor.url" value="https://adoptium.net/"/>
    <property name="guice.disable.misplaced.annotation.check" value="true"/>
    <property name="path.separator" value=";"/>
    <property name="java.vm.name" value="OpenJDK 64-Bit Server VM"/>
    <property name="sun.os.patch.level" value=""/>
    <property name="user.script" value=""/>
    <property name="user.country" value="US"/>
    <property name="sun.java.launcher" value="SUN_STANDARD"/>
    <property name="java.vm.specification.name" value="Java Virtual Machine Specification"/>
    <property name="user.dir" value="C:\Users\M1841\Development\Java\Software Engineering\se-eng-2024-M1841\isp-lab-4-2023-master"/>
    <property name="java.vm.compressedOopsMode" value="32-bit"/>
    <property name="java.runtime.version" value="21.0.2+13-LTS"/>
    <property name="os.arch" value="amd64"/>
    <property name="java.io.tmpdir" value="D:\Temp\"/>
    <property name="line.separator" value="&#10;"/>
    <property name="java.vm.specification.vendor" value="Oracle Corporation"/>
    <property name="user.variant" value=""/>
    <property name="stderr.encoding" value="UTF-8"/>
    <property name="os.name" value="Windows 10"/>
    <property name="classworlds.conf" value="D:\Program Files\apache-maven-3.9.6\bin\m2.conf"/>
    <property name="sun.jnu.encoding" value="Cp1252"/>
    <property name="stdout.encoding" value="UTF-8"/>
    <property name="java.library.path" value="C:\Program Files\Eclipse Adoptium\jdk-21.0.2.13-hotspot\bin;C:\Windows\Sun\Java\bin;C:\Windows\system32;C:\Windows;D:\Program Files\PowerShell\7;C:\Users\M1841\AppData\Local\nvim-data\mason\bin;D:\Program Files\PowerShell\7;C:\Program Files\Eclipse Adoptium\jdk-21.0.2.13-hotspot\bin;D:\Program Data\Scoop\shims;D:\Program Data\shims;C:\Windows\system32;C:\Windows;C:\Windows\System32\Wbem;C:\Windows\System32\WindowsPowerShell\v1.0\;C:\Windows\System32\OpenSSH\;D:\Home\Development\PowerShell\utils;D:\Program Files\apache-maven-3.9.6\bin;D:\Program Files\MATLAB\R2024a\bin;D:\Program Files\MATLAB\R2023b\runtime\win64;D:\Program Files\MATLAB\R2023b\bin;C:\hla;C:\Program Files\Docker\Docker\resources\bin;C:\Program Files (x86)\Microsoft SQL Server\160\Tools\Binn\;C:\Program Files\Microsoft SQL Server\160\Tools\Binn\;C:\Program Files\Microsoft SQL Server\Client SDK\ODBC\170\Tools\Binn\;C:\Program Files\Microsoft SQL Server\160\DTS\Binn\;C:\Program Files (x86)\Microsoft SQL Server\160\DTS\Binn\;C:\jdtls\bin;D:\Program Files\PowerShell\7\;D:\Program Data\Scoop\apps\python\current\Scripts;D:\Program Data\Scoop\apps\python\current;C:\Users\M1841\go\bin;D:\Program Data\Scoop\apps\nodejs\current\bin;D:\Program Data\Scoop\apps\nodejs\current;D:\Program Data\Scoop\apps\gcc\current\bin;D:\Program Data\Scoop\apps\vscodium\current\bin;D:\Program Data\Scoop\apps\rustup\current\.cargo\bin;D:\Program Data\Scoop\shims;C:\Users\M1841\scoop\shims;C:\Users\M1841\AppData\Local\Microsoft\WindowsApps;C:\Users\M1841\.deno\bin;D:\Program Files\JetBrains\RustRover 233.14015.147\bin;D:\Program Files\JetBrains\IntelliJ IDEA 2023.3.4\bin;D:\Program Files\apache-maven-3.9.6\bin;D:\Program Files\JetBrains\CLion 2023.3.4\bin;D:\Program Files\JetBrains\WebStorm 2023.3.4\bin;D:\Program Files\JetBrains\GoLand 2023.3.5\bin;D:\Program Data\Scoop\apps\neovim\current\bin;D:\Program Data\Scoop\apps\neovim\current\bin;."/>
    <property name="maven.conf" value="D:\Program Files\apache-maven-3.9.6/conf"/>
    <property name="jdk.debug" value="release"/>
    <property name="java.class.version" value="65.0"/>
    <property name="java.specification.name" value="Java Platform API Specification"/>
    <property name="sun.management.compiler" value="HotSpot 64-Bit Tiered Compilers"/>
    <property name="os.version" value="10.0"/>
    <property name="library.jansi.path" value="D:\Program Files\apache-maven-3.9.6\lib\jansi-native"/>
    <property name="user.home" value="C:\Users\M1841"/>
    <property name="user.timezone" value="Europe/Bucharest"/>
    <property name="file.encoding" value="UTF-8"/>
    <property name="java.specification.version" value="21"/>
    <property name="user.name" value="M1841"/>
    <property name="java.class.path" value="D:\Program Files\apache-maven-3.9.6\boot\plexus-classworlds-2.7.0.jar"/>
    <property name="java.vm.specification.version" value="21"/>
    <property name="sun.arch.data.model" value="64"/>
    <property name="sun.java.command" value="org.codehaus.plexus.classworlds.launcher.Launcher test"/>
    <property name="java.home" value="C:\Program Files\Eclipse Adoptium\jdk-21.0.2.13-hotspot"/>
    <property name="user.language" value="en"/>
    <property name="java.specification.vendor" value="Oracle Corporation"/>
    <property name="java.vm.info" value="mixed mode, sharing"/>
    <property name="java.version" value="21.0.2"/>
    <property name="native.encoding" value="Cp1252"/>
    <property name="java.vendor" value="Eclipse Adoptium"/>
    <property name="maven.home" value="D:\Program Files\apache-maven-3.9.6"/>
    <property name="file.separator" value="\"/>
    <property name="java.version.date" value="2024-01-16"/>
    <property name="java.vendor.url.bug" value="https://github.com/adoptium/adoptium-support/issues"/>
    <property name="sun.io.unicode.encoding" value="UnicodeLittle"/>
    <property name="sun.cpu.endian" value="little"/>
    <property name="java.vendor.version" value="Temurin-21.0.2+13"/>
    <property name="sun.cpu.isalist" value="amd64"/>
  </properties>
  <testcase name="testMethods" classname="aut.isp.lab4.exercise1.AquariumControllerTest" time="0.016"/>
</testsuite>